execve("/usr/bin/bpftool", ["bpftool", "prog", "run", "pinned", "/sys/fs/bpf/hello_bpf", "repeat", "0"], 0x7fff2edeb0d0 /* 106 vars */) = 0
brk(NULL)                               = 0x5c9f225ec000
access("/etc/ld.so.preload", R_OK)      = -1 ENOENT (No such file or directory)
openat(AT_FDCWD, "/etc/ld.so.cache", O_RDONLY|O_CLOEXEC) = 3
fstat(3, {st_mode=S_IFREG|0644, st_size=250239, ...}) = 0
mmap(NULL, 250239, PROT_READ, MAP_PRIVATE, 3, 0) = 0x76f8a0ce0000
close(3)                                = 0
openat(AT_FDCWD, "/usr/lib/libelf.so.1", O_RDONLY|O_CLOEXEC) = 3
read(3, "\177ELF\2\1\1\0\0\0\0\0\0\0\0\0\3\0>\0\1\0\0\0\0\0\0\0\0\0\0\0"..., 832) = 832
fstat(3, {st_mode=S_IFREG|0755, st_size=108632, ...}) = 0
mmap(NULL, 8192, PROT_READ|PROT_WRITE, MAP_PRIVATE|MAP_ANONYMOUS, -1, 0) = 0x76f8a0cde000
mmap(NULL, 110616, PROT_READ, MAP_PRIVATE|MAP_DENYWRITE, 3, 0) = 0x76f8a0cc2000
mmap(0x76f8a0cc5000, 77824, PROT_READ|PROT_EXEC, MAP_PRIVATE|MAP_FIXED|MAP_DENYWRITE, 3, 0x3000) = 0x76f8a0cc5000
mmap(0x76f8a0cd8000, 16384, PROT_READ, MAP_PRIVATE|MAP_FIXED|MAP_DENYWRITE, 3, 0x16000) = 0x76f8a0cd8000
mmap(0x76f8a0cdc000, 8192, PROT_READ|PROT_WRITE, MAP_PRIVATE|MAP_FIXED|MAP_DENYWRITE, 3, 0x19000) = 0x76f8a0cdc000
close(3)                                = 0
openat(AT_FDCWD, "/usr/lib/libz.so.1", O_RDONLY|O_CLOEXEC) = 3
read(3, "\177ELF\2\1\1\0\0\0\0\0\0\0\0\0\3\0>\0\1\0\0\0\0\0\0\0\0\0\0\0"..., 832) = 832
fstat(3, {st_mode=S_IFREG|0755, st_size=100368, ...}) = 0
mmap(NULL, 98320, PROT_READ, MAP_PRIVATE|MAP_DENYWRITE, 3, 0) = 0x76f8a0ca9000
mmap(0x76f8a0cac000, 57344, PROT_READ|PROT_EXEC, MAP_PRIVATE|MAP_FIXED|MAP_DENYWRITE, 3, 0x3000) = 0x76f8a0cac000
mmap(0x76f8a0cba000, 24576, PROT_READ, MAP_PRIVATE|MAP_FIXED|MAP_DENYWRITE, 3, 0x11000) = 0x76f8a0cba000
mmap(0x76f8a0cc0000, 8192, PROT_READ|PROT_WRITE, MAP_PRIVATE|MAP_FIXED|MAP_DENYWRITE, 3, 0x17000) = 0x76f8a0cc0000
close(3)                                = 0
openat(AT_FDCWD, "/usr/lib/libcap.so.2", O_RDONLY|O_CLOEXEC) = 3
read(3, "\177ELF\2\1\1\0\0\0\0\0\0\0\0\0\3\0>\0\1\0\0\0 |\0\0\0\0\0\0"..., 832) = 832
fstat(3, {st_mode=S_IFREG|0755, st_size=43064, ...}) = 0
mmap(NULL, 45128, PROT_READ, MAP_PRIVATE|MAP_DENYWRITE, 3, 0) = 0x76f8a0c9d000
mmap(0x76f8a0ca0000, 20480, PROT_READ|PROT_EXEC, MAP_PRIVATE|MAP_FIXED|MAP_DENYWRITE, 3, 0x3000) = 0x76f8a0ca0000
mmap(0x76f8a0ca5000, 8192, PROT_READ, MAP_PRIVATE|MAP_FIXED|MAP_DENYWRITE, 3, 0x8000) = 0x76f8a0ca5000
mmap(0x76f8a0ca7000, 8192, PROT_READ|PROT_WRITE, MAP_PRIVATE|MAP_FIXED|MAP_DENYWRITE, 3, 0x9000) = 0x76f8a0ca7000
close(3)                                = 0
openat(AT_FDCWD, "/usr/lib/libLLVM.so.18.1", O_RDONLY|O_CLOEXEC) = 3
read(3, "\177ELF\2\1\1\3\0\0\0\0\0\0\0\0\3\0>\0\1\0\0\0\0\0\0\0\0\0\0\0"..., 832) = 832
fstat(3, {st_mode=S_IFREG|0755, st_size=134325080, ...}) = 0
mmap(NULL, 134964104, PROT_READ, MAP_PRIVATE|MAP_DENYWRITE, 3, 0) = 0x76f898a00000
mmap(0x76f898eab000, 79634432, PROT_READ|PROT_EXEC, MAP_PRIVATE|MAP_FIXED|MAP_DENYWRITE, 3, 0x4ab000) = 0x76f898eab000
mmap(0x76f89da9d000, 47550464, PROT_READ, MAP_PRIVATE|MAP_FIXED|MAP_DENYWRITE, 3, 0x509d000) = 0x76f89da9d000
mmap(0x76f8a07f6000, 2248704, PROT_READ|PROT_WRITE, MAP_PRIVATE|MAP_FIXED|MAP_DENYWRITE, 3, 0x7df5000) = 0x76f8a07f6000
mmap(0x76f8a0a1b000, 635784, PROT_READ|PROT_WRITE, MAP_PRIVATE|MAP_FIXED|MAP_ANONYMOUS, -1, 0) = 0x76f8a0a1b000
close(3)                                = 0
openat(AT_FDCWD, "/usr/lib/libc.so.6", O_RDONLY|O_CLOEXEC) = 3
read(3, "\177ELF\2\1\1\3\0\0\0\0\0\0\0\0\3\0>\0\1\0\0\0\340_\2\0\0\0\0\0"..., 832) = 832
pread64(3, "\6\0\0\0\4\0\0\0@\0\0\0\0\0\0\0@\0\0\0\0\0\0\0@\0\0\0\0\0\0\0"..., 784, 64) = 784
fstat(3, {st_mode=S_IFREG|0755, st_size=2014520, ...}) = 0
pread64(3, "\6\0\0\0\4\0\0\0@\0\0\0\0\0\0\0@\0\0\0\0\0\0\0@\0\0\0\0\0\0\0"..., 784, 64) = 784
mmap(NULL, 2034616, PROT_READ, MAP_PRIVATE|MAP_DENYWRITE, 3, 0) = 0x76f89880f000
mmap(0x76f898833000, 1511424, PROT_READ|PROT_EXEC, MAP_PRIVATE|MAP_FIXED|MAP_DENYWRITE, 3, 0x24000) = 0x76f898833000
mmap(0x76f8989a4000, 319488, PROT_READ, MAP_PRIVATE|MAP_FIXED|MAP_DENYWRITE, 3, 0x195000) = 0x76f8989a4000
mmap(0x76f8989f2000, 24576, PROT_READ|PROT_WRITE, MAP_PRIVATE|MAP_FIXED|MAP_DENYWRITE, 3, 0x1e3000) = 0x76f8989f2000
mmap(0x76f8989f8000, 31672, PROT_READ|PROT_WRITE, MAP_PRIVATE|MAP_FIXED|MAP_ANONYMOUS, -1, 0) = 0x76f8989f8000
close(3)                                = 0
openat(AT_FDCWD, "/usr/lib/libzstd.so.1", O_RDONLY|O_CLOEXEC) = 3
read(3, "\177ELF\2\1\1\0\0\0\0\0\0\0\0\0\3\0>\0\1\0\0\0\0\0\0\0\0\0\0\0"..., 832) = 832
fstat(3, {st_mode=S_IFREG|0755, st_size=911304, ...}) = 0
mmap(NULL, 909384, PROT_READ, MAP_PRIVATE|MAP_DENYWRITE, 3, 0) = 0x76f8a0bbe000
mmap(0x76f8a0bca000, 786432, PROT_READ|PROT_EXEC, MAP_PRIVATE|MAP_FIXED|MAP_DENYWRITE, 3, 0xc000) = 0x76f8a0bca000
mmap(0x76f8a0c8a000, 69632, PROT_READ, MAP_PRIVATE|MAP_FIXED|MAP_DENYWRITE, 3, 0xcc000) = 0x76f8a0c8a000
mmap(0x76f8a0c9b000, 8192, PROT_READ|PROT_WRITE, MAP_PRIVATE|MAP_FIXED|MAP_DENYWRITE, 3, 0xdd000) = 0x76f8a0c9b000
close(3)                                = 0
openat(AT_FDCWD, "/usr/lib/libffi.so.8", O_RDONLY|O_CLOEXEC) = 3
read(3, "\177ELF\2\1\1\0\0\0\0\0\0\0\0\0\3\0>\0\1\0\0\0\0\0\0\0\0\0\0\0"..., 832) = 832
fstat(3, {st_mode=S_IFREG|0755, st_size=43240, ...}) = 0
mmap(NULL, 8192, PROT_READ|PROT_WRITE, MAP_PRIVATE|MAP_ANONYMOUS, -1, 0) = 0x76f8a0bbc000
mmap(NULL, 42256, PROT_READ, MAP_PRIVATE|MAP_DENYWRITE, 3, 0) = 0x76f8a0bb1000
mmap(0x76f8a0bb3000, 24576, PROT_READ|PROT_EXEC, MAP_PRIVATE|MAP_FIXED|MAP_DENYWRITE, 3, 0x2000) = 0x76f8a0bb3000
mmap(0x76f8a0bb9000, 4096, PROT_READ, MAP_PRIVATE|MAP_FIXED|MAP_DENYWRITE, 3, 0x8000) = 0x76f8a0bb9000
mmap(0x76f8a0bba000, 8192, PROT_READ|PROT_WRITE, MAP_PRIVATE|MAP_FIXED|MAP_DENYWRITE, 3, 0x9000) = 0x76f8a0bba000
close(3)                                = 0
openat(AT_FDCWD, "/usr/lib/libedit.so.0", O_RDONLY|O_CLOEXEC) = 3
read(3, "\177ELF\2\1\1\0\0\0\0\0\0\0\0\0\3\0>\0\1\0\0\0\0\0\0\0\0\0\0\0"..., 832) = 832
fstat(3, {st_mode=S_IFREG|0755, st_size=219248, ...}) = 0
mmap(NULL, 232576, PROT_READ, MAP_PRIVATE|MAP_DENYWRITE, 3, 0) = 0x76f8a0b78000
mmap(0x76f8a0b7e000, 131072, PROT_READ|PROT_EXEC, MAP_PRIVATE|MAP_FIXED|MAP_DENYWRITE, 3, 0x6000) = 0x76f8a0b7e000
mmap(0x76f8a0b9e000, 53248, PROT_READ, MAP_PRIVATE|MAP_FIXED|MAP_DENYWRITE, 3, 0x26000) = 0x76f8a0b9e000
mmap(0x76f8a0bab000, 12288, PROT_READ|PROT_WRITE, MAP_PRIVATE|MAP_FIXED|MAP_DENYWRITE, 3, 0x33000) = 0x76f8a0bab000
mmap(0x76f8a0bae000, 11392, PROT_READ|PROT_WRITE, MAP_PRIVATE|MAP_FIXED|MAP_ANONYMOUS, -1, 0) = 0x76f8a0bae000
close(3)                                = 0
openat(AT_FDCWD, "/usr/lib/libncursesw.so.6", O_RDONLY|O_CLOEXEC) = 3
read(3, "\177ELF\2\1\1\0\0\0\0\0\0\0\0\0\3\0>\0\1\0\0\0\0\0\0\0\0\0\0\0"..., 832) = 832
fstat(3, {st_mode=S_IFREG|0755, st_size=453896, ...}) = 0
mmap(NULL, 453856, PROT_READ, MAP_PRIVATE|MAP_DENYWRITE, 3, 0) = 0x76f8a0b09000
mmap(0x76f8a0b16000, 290816, PROT_READ|PROT_EXEC, MAP_PRIVATE|MAP_FIXED|MAP_DENYWRITE, 3, 0xd000) = 0x76f8a0b16000
mmap(0x76f8a0b5d000, 90112, PROT_READ, MAP_PRIVATE|MAP_FIXED|MAP_DENYWRITE, 3, 0x54000) = 0x76f8a0b5d000
mmap(0x76f8a0b73000, 20480, PROT_READ|PROT_WRITE, MAP_PRIVATE|MAP_FIXED|MAP_DENYWRITE, 3, 0x6a000) = 0x76f8a0b73000
close(3)                                = 0
openat(AT_FDCWD, "/usr/lib/libxml2.so.2", O_RDONLY|O_CLOEXEC) = 3
read(3, "\177ELF\2\1\1\0\0\0\0\0\0\0\0\0\3\0>\0\1\0\0\0\0\0\0\0\0\0\0\0"..., 832) = 832
fstat(3, {st_mode=S_IFREG|0755, st_size=1358936, ...}) = 0
mmap(NULL, 1361032, PROT_READ, MAP_PRIVATE|MAP_DENYWRITE, 3, 0) = 0x76f8986c2000
mmap(0x76f8986e3000, 933888, PROT_READ|PROT_EXEC, MAP_PRIVATE|MAP_FIXED|MAP_DENYWRITE, 3, 0x21000) = 0x76f8986e3000
mmap(0x76f8987c7000, 241664, PROT_READ, MAP_PRIVATE|MAP_FIXED|MAP_DENYWRITE, 3, 0x105000) = 0x76f8987c7000
mmap(0x76f898802000, 49152, PROT_READ|PROT_WRITE, MAP_PRIVATE|MAP_FIXED|MAP_DENYWRITE, 3, 0x140000) = 0x76f898802000
mmap(0x76f89880e000, 1160, PROT_READ|PROT_WRITE, MAP_PRIVATE|MAP_FIXED|MAP_ANONYMOUS, -1, 0) = 0x76f89880e000
close(3)                                = 0
openat(AT_FDCWD, "/usr/lib/libstdc++.so.6", O_RDONLY|O_CLOEXEC) = 3
read(3, "\177ELF\2\1\1\3\0\0\0\0\0\0\0\0\3\0>\0\1\0\0\0\0\0\0\0\0\0\0\0"..., 832) = 832
fstat(3, {st_mode=S_IFREG|0755, st_size=22040176, ...}) = 0
mmap(NULL, 2641984, PROT_READ, MAP_PRIVATE|MAP_DENYWRITE, 3, 0) = 0x76f898400000
mmap(0x76f898497000, 1363968, PROT_READ|PROT_EXEC, MAP_PRIVATE|MAP_FIXED|MAP_DENYWRITE, 3, 0x97000) = 0x76f898497000
mmap(0x76f8985e4000, 589824, PROT_READ, MAP_PRIVATE|MAP_FIXED|MAP_DENYWRITE, 3, 0x1e4000) = 0x76f8985e4000
mmap(0x76f898674000, 57344, PROT_READ|PROT_WRITE, MAP_PRIVATE|MAP_FIXED|MAP_DENYWRITE, 3, 0x274000) = 0x76f898674000
mmap(0x76f898682000, 12352, PROT_READ|PROT_WRITE, MAP_PRIVATE|MAP_FIXED|MAP_ANONYMOUS, -1, 0) = 0x76f898682000
close(3)                                = 0
openat(AT_FDCWD, "/usr/lib/libm.so.6", O_RDONLY|O_CLOEXEC) = 3
read(3, "\177ELF\2\1\1\3\0\0\0\0\0\0\0\0\3\0>\0\1\0\0\0\0\0\0\0\0\0\0\0"..., 832) = 832
fstat(3, {st_mode=S_IFREG|0755, st_size=973144, ...}) = 0
mmap(NULL, 975176, PROT_READ, MAP_PRIVATE|MAP_DENYWRITE, 3, 0) = 0x76f898311000
mmap(0x76f89831f000, 536576, PROT_READ|PROT_EXEC, MAP_PRIVATE|MAP_FIXED|MAP_DENYWRITE, 3, 0xe000) = 0x76f89831f000
mmap(0x76f8983a2000, 376832, PROT_READ, MAP_PRIVATE|MAP_FIXED|MAP_DENYWRITE, 3, 0x91000) = 0x76f8983a2000
mmap(0x76f8983fe000, 8192, PROT_READ|PROT_WRITE, MAP_PRIVATE|MAP_FIXED|MAP_DENYWRITE, 3, 0xec000) = 0x76f8983fe000
close(3)                                = 0
openat(AT_FDCWD, "/usr/lib/libgcc_s.so.1", O_RDONLY|O_CLOEXEC) = 3
read(3, "\177ELF\2\1\1\0\0\0\0\0\0\0\0\0\3\0>\0\1\0\0\0\0\0\0\0\0\0\0\0"..., 832) = 832
fstat(3, {st_mode=S_IFREG|0644, st_size=915712, ...}) = 0
mmap(NULL, 8192, PROT_READ|PROT_WRITE, MAP_PRIVATE|MAP_ANONYMOUS, -1, 0) = 0x76f8a0b07000
mmap(NULL, 184808, PROT_READ, MAP_PRIVATE|MAP_DENYWRITE, 3, 0) = 0x76f8a0ad9000
mmap(0x76f8a0add000, 147456, PROT_READ|PROT_EXEC, MAP_PRIVATE|MAP_FIXED|MAP_DENYWRITE, 3, 0x4000) = 0x76f8a0add000
mmap(0x76f8a0b01000, 16384, PROT_READ, MAP_PRIVATE|MAP_FIXED|MAP_DENYWRITE, 3, 0x28000) = 0x76f8a0b01000
mmap(0x76f8a0b05000, 8192, PROT_READ|PROT_WRITE, MAP_PRIVATE|MAP_FIXED|MAP_DENYWRITE, 3, 0x2b000) = 0x76f8a0b05000
close(3)                                = 0
openat(AT_FDCWD, "/usr/lib/liblzma.so.5", O_RDONLY|O_CLOEXEC) = 3
read(3, "\177ELF\2\1\1\0\0\0\0\0\0\0\0\0\3\0>\0\1\0\0\0\0\0\0\0\0\0\0\0"..., 832) = 832
fstat(3, {st_mode=S_IFREG|0755, st_size=206872, ...}) = 0
mmap(NULL, 204832, PROT_READ, MAP_PRIVATE|MAP_DENYWRITE, 3, 0) = 0x76f89868f000
mmap(0x76f898692000, 143360, PROT_READ|PROT_EXEC, MAP_PRIVATE|MAP_FIXED|MAP_DENYWRITE, 3, 0x3000) = 0x76f898692000
mmap(0x76f8986b5000, 45056, PROT_READ, MAP_PRIVATE|MAP_FIXED|MAP_DENYWRITE, 3, 0x26000) = 0x76f8986b5000
mmap(0x76f8986c0000, 8192, PROT_READ|PROT_WRITE, MAP_PRIVATE|MAP_FIXED|MAP_DENYWRITE, 3, 0x31000) = 0x76f8986c0000
close(3)                                = 0
openat(AT_FDCWD, "/usr/lib/libicuuc.so.75", O_RDONLY|O_CLOEXEC) = 3
read(3, "\177ELF\2\1\1\0\0\0\0\0\0\0\0\0\3\0>\0\1\0\0\0\0\0\0\0\0\0\0\0"..., 832) = 832
fstat(3, {st_mode=S_IFREG|0755, st_size=2062384, ...}) = 0
mmap(NULL, 2069408, PROT_READ, MAP_PRIVATE|MAP_DENYWRITE, 3, 0) = 0x76f898117000
mmap(0x76f89815e000, 1122304, PROT_READ|PROT_EXEC, MAP_PRIVATE|MAP_FIXED|MAP_DENYWRITE, 3, 0x47000) = 0x76f89815e000
mmap(0x76f898270000, 569344, PROT_READ, MAP_PRIVATE|MAP_FIXED|MAP_DENYWRITE, 3, 0x159000) = 0x76f898270000
mmap(0x76f8982fb000, 81920, PROT_READ|PROT_WRITE, MAP_PRIVATE|MAP_FIXED|MAP_DENYWRITE, 3, 0x1e4000) = 0x76f8982fb000
mmap(0x76f89830f000, 5024, PROT_READ|PROT_WRITE, MAP_PRIVATE|MAP_FIXED|MAP_ANONYMOUS, -1, 0) = 0x76f89830f000
close(3)                                = 0
openat(AT_FDCWD, "/usr/lib/libicudata.so.75", O_RDONLY|O_CLOEXEC) = 3
read(3, "\177ELF\2\1\1\0\0\0\0\0\0\0\0\0\3\0>\0\1\0\0\0\0\0\0\0\0\0\0\0"..., 832) = 832
fstat(3, {st_mode=S_IFREG|0755, st_size=30737240, ...}) = 0
mmap(NULL, 30740480, PROT_READ, MAP_PRIVATE|MAP_DENYWRITE, 3, 0) = 0x76f896200000
mmap(0x76f897f50000, 4096, PROT_READ|PROT_WRITE, MAP_PRIVATE|MAP_FIXED|MAP_DENYWRITE, 3, 0x1d4f000) = 0x76f897f50000
close(3)                                = 0
mmap(NULL, 8192, PROT_READ|PROT_WRITE, MAP_PRIVATE|MAP_ANONYMOUS, -1, 0) = 0x76f8a0ad7000
mmap(NULL, 8192, PROT_READ|PROT_WRITE, MAP_PRIVATE|MAP_ANONYMOUS, -1, 0) = 0x76f8a0ad5000
mmap(NULL, 12288, PROT_READ|PROT_WRITE, MAP_PRIVATE|MAP_ANONYMOUS, -1, 0) = 0x76f8a0ad2000
arch_prctl(ARCH_SET_FS, 0x76f8a0ad2780) = 0
set_tid_address(0x76f8a0ad2a50)         = 43973
set_robust_list(0x76f8a0ad2a60, 24)     = 0
rseq(0x76f8a0ad30a0, 0x20, 0, 0x53053053) = 0
mprotect(0x76f8989f2000, 16384, PROT_READ) = 0
mprotect(0x76f897f50000, 4096, PROT_READ) = 0
mprotect(0x76f8983fe000, 4096, PROT_READ) = 0
mprotect(0x76f8a0b05000, 4096, PROT_READ) = 0
mprotect(0x76f898674000, 53248, PROT_READ) = 0
mprotect(0x76f8982fb000, 77824, PROT_READ) = 0
mprotect(0x76f8986c0000, 4096, PROT_READ) = 0
mprotect(0x76f8a0cc0000, 4096, PROT_READ) = 0
mprotect(0x76f898802000, 45056, PROT_READ) = 0
mprotect(0x76f8a0b73000, 16384, PROT_READ) = 0
mprotect(0x76f8a0bab000, 8192, PROT_READ) = 0
mprotect(0x76f8a0bba000, 4096, PROT_READ) = 0
mprotect(0x76f8a0c9b000, 4096, PROT_READ) = 0
mmap(NULL, 12288, PROT_READ|PROT_WRITE, MAP_PRIVATE|MAP_ANONYMOUS, -1, 0) = 0x76f8a0acf000
mmap(NULL, 20480, PROT_READ|PROT_WRITE, MAP_PRIVATE|MAP_ANONYMOUS, -1, 0) = 0x76f8a0aca000
mprotect(0x76f8a07f6000, 1945600, PROT_READ) = 0
mprotect(0x76f8a0ca7000, 4096, PROT_READ) = 0
mprotect(0x76f8a0cdc000, 4096, PROT_READ) = 0
mprotect(0x5c9f0826d000, 20480, PROT_READ) = 0
mprotect(0x76f8a0d58000, 8192, PROT_READ) = 0
prlimit64(0, RLIMIT_STACK, NULL, {rlim_cur=8192*1024, rlim_max=RLIM64_INFINITY}) = 0
munmap(0x76f8a0ce0000, 250239)          = 0
futex(0x76f8986826bc, FUTEX_WAKE_PRIVATE, 2147483647) = 0
getrandom("\x66\x0e\xa4\xbb\x07\x7f\xcf\xe4", 8, GRND_NONBLOCK) = 8
brk(NULL)                               = 0x5c9f225ec000
brk(0x5c9f2260d000)                     = 0x5c9f2260d000
lseek(2, 0, SEEK_CUR)                   = -1 ESPIPE (Illegal seek)
fstat(2, {st_mode=S_IFCHR|0620, st_rdev=makedev(0x88, 0x1), ...}) = 0
brk(0x5c9f2262e000)                     = 0x5c9f2262e000
brk(0x5c9f2264f000)                     = 0x5c9f2264f000
prctl(PR_CAPBSET_READ, CAP_MAC_OVERRIDE) = 1
prctl(PR_CAPBSET_READ, 0x30 /* CAP_??? */) = -1 EINVAL (Invalid argument)
prctl(PR_CAPBSET_READ, CAP_CHECKPOINT_RESTORE) = 1
prctl(PR_CAPBSET_READ, 0x2c /* CAP_??? */) = -1 EINVAL (Invalid argument)
prctl(PR_CAPBSET_READ, 0x2a /* CAP_??? */) = -1 EINVAL (Invalid argument)
prctl(PR_CAPBSET_READ, 0x29 /* CAP_??? */) = -1 EINVAL (Invalid argument)
bpf(BPF_OBJ_GET, {pathname="/sys/fs/bpf/hello_bpf", bpf_fd=0, file_flags=0, path_fd=0}, 20) = 3
readlink("/proc/self/fd/3", "anon_inode:bpf-prog", 512) = 19
bpf(BPF_PROG_TEST_RUN, {test={prog_fd=3, retval=0, data_size_in=0, data_size_out=0, data_in=NULL, data_out=NULL, repeat=0, duration=0, ctx_size_in=0, ctx_size_out=0, ctx_in=NULL, ctx_out=NULL, flags=0, cpu=0, batch_size=0}}, 80) = 0
fstat(1, {st_mode=S_IFCHR|0620, st_rdev=makedev(0x88, 0x1), ...}) = 0
write(1, "Return value: 0, duration: 0ns\n", 31) = 31
exit_group(0)                           = ?
+++ exited with 0 +++
